13:11:11 INFO  : Registering command handlers for SDK TCF services
13:11:12 INFO  : Launching XSCT server: xsct.bat -interactive F:\pspl\project_1\project_1.sdk\temp_xsdb_launch_script.tcl
13:11:14 INFO  : XSCT server has started successfully.
13:11:14 INFO  : Successfully done setting XSCT server connection channel  
13:11:14 INFO  : Successfully done setting SDK workspace  
13:11:14 INFO  : Processing command line option -hwspec F:/pspl/project_1/project_1.sdk/design_1_wrapper.hdf.
10:17:23 INFO  : Registering command handlers for SDK TCF services
10:17:26 INFO  : Launching XSCT server: xsct.bat -interactive F:\pspl\project_1\project_1.sdk\temp_xsdb_launch_script.tcl
10:17:32 INFO  : XSCT server has started successfully.
10:17:36 INFO  : Successfully done setting XSCT server connection channel  
10:17:36 INFO  : Successfully done setting SDK workspace  
10:17:37 INFO  : Processing command line option -hwspec F:/pspl/project_1/project_1.sdk/design_1_wrapper.hdf.
10:17:37 INFO  : Checking for hwspec changes in the project design_1_wrapper_hw_platform_0.
10:24:26 INFO  : Connected to target on host '127.0.0.1' and port '3121'.
10:24:29 INFO  : 'targets -set -filter {jtag_cable_name =~ "Digilent Zybo 210279778428A" && level==0} -index 1' command is executed.
10:24:31 INFO  : FPGA configured successfully with bitstream "F:/pspl/project_1/project_1.sdk/design_1_wrapper_hw_platform_0/design_1_wrapper.bit"
10:25:41 INFO  : 'targets -set -filter {jtag_cable_name =~ "Digilent Zybo 210279778428A" && level==0} -index 1' command is executed.
10:25:41 INFO  : 'fpga -state' command is executed.
10:25:42 INFO  : Connected to target on host '127.0.0.1' and port '3121'.
10:25:42 INFO  : Jtag cable 'Digilent Zybo 210279778428A' is selected.
10:25:42 INFO  : 'jtag frequency' command is executed.
10:25:42 INFO  : Sourcing of 'F:/pspl/project_1/project_1.sdk/design_1_wrapper_hw_platform_0/ps7_init.tcl' is done.
10:25:42 INFO  : Context for 'APU' is selected.
10:25:42 INFO  : Hardware design information is loaded from 'F:/pspl/project_1/project_1.sdk/design_1_wrapper_hw_platform_0/system.hdf'.
10:25:42 INFO  : 'configparams force-mem-access 1' command is executed.
10:25:42 INFO  : Context for 'APU' is selected.
10:25:43 INFO  : 'stop' command is executed.
10:25:44 INFO  : 'ps7_init' command is executed.
10:25:44 INFO  : 'ps7_post_config' command is executed.
10:25:44 INFO  : Context for processor 'ps7_cortexa9_0' is selected.
10:25:44 INFO  : Processor reset is completed for 'ps7_cortexa9_0'.
10:25:44 INFO  : Context for processor 'ps7_cortexa9_0' is selected.
10:25:45 INFO  : The application 'F:/pspl/project_1/project_1.sdk/pspl_test/Debug/pspl_test.elf' is downloaded to processor 'ps7_cortexa9_0'.
10:25:45 INFO  : 'configparams force-mem-access 0' command is executed.
10:25:45 INFO  : ----------------XSDB Script----------------
connect -url tcp:127.0.0.1:3121
source F:/pspl/project_1/project_1.sdk/design_1_wrapper_hw_platform_0/ps7_init.tcl
targets -set -nocase -filter {name =~"APU*" && jtag_cable_name =~ "Digilent Zybo 210279778428A"} -index 0
loadhw -hw F:/pspl/project_1/project_1.sdk/design_1_wrapper_hw_platform_0/system.hdf -mem-ranges [list {0x40000000 0xbfffffff}]
configparams force-mem-access 1
targets -set -nocase -filter {name =~"APU*" && jtag_cable_name =~ "Digilent Zybo 210279778428A"} -index 0
stop
ps7_init
ps7_post_config
targets -set -nocase -filter {name =~ "ARM*#0" && jtag_cable_name =~ "Digilent Zybo 210279778428A"} -index 0
rst -processor
targets -set -nocase -filter {name =~ "ARM*#0" && jtag_cable_name =~ "Digilent Zybo 210279778428A"} -index 0
dow F:/pspl/project_1/project_1.sdk/pspl_test/Debug/pspl_test.elf
configparams force-mem-access 0
----------------End of Script----------------

10:25:45 INFO  : Memory regions updated for context APU
10:25:45 INFO  : Context for processor 'ps7_cortexa9_0' is selected.
10:25:45 INFO  : 'con' command is executed.
10:25:45 INFO  : ----------------XSDB Script (After Launch)----------------
targets -set -nocase -filter {name =~ "ARM*#0" && jtag_cable_name =~ "Digilent Zybo 210279778428A"} -index 0
con
----------------End of Script----------------

10:25:45 INFO  : Launch script is exported to file 'F:\pspl\project_1\project_1.sdk\.sdk\launch_scripts\xilinx_c-c++_application_(system_debugger)\system_debugger_using_debug_pspl_test.elf_on_local.tcl'
10:27:08 INFO  : Disconnected from the channel tcfchan#1.
10:27:10 INFO  : 'targets -set -filter {jtag_cable_name =~ "Digilent Zybo 210279778428A" && level==0} -index 1' command is executed.
10:27:10 INFO  : 'fpga -state' command is executed.
10:27:10 INFO  : Connected to target on host '127.0.0.1' and port '3121'.
10:27:10 INFO  : Jtag cable 'Digilent Zybo 210279778428A' is selected.
10:27:10 INFO  : 'jtag frequency' command is executed.
10:27:10 INFO  : Sourcing of 'F:/pspl/project_1/project_1.sdk/design_1_wrapper_hw_platform_0/ps7_init.tcl' is done.
10:27:10 INFO  : Context for 'APU' is selected.
10:27:12 INFO  : Hardware design information is loaded from 'F:/pspl/project_1/project_1.sdk/design_1_wrapper_hw_platform_0/system.hdf'.
10:27:12 INFO  : 'configparams force-mem-access 1' command is executed.
10:27:12 INFO  : Context for 'APU' is selected.
10:27:12 INFO  : 'stop' command is executed.
10:27:14 INFO  : 'ps7_init' command is executed.
10:27:14 INFO  : 'ps7_post_config' command is executed.
10:27:14 INFO  : Context for processor 'ps7_cortexa9_0' is selected.
10:27:14 INFO  : Processor reset is completed for 'ps7_cortexa9_0'.
10:27:14 INFO  : Context for processor 'ps7_cortexa9_0' is selected.
10:27:14 INFO  : The application 'F:/pspl/project_1/project_1.sdk/pspl_test/Debug/pspl_test.elf' is downloaded to processor 'ps7_cortexa9_0'.
10:27:14 INFO  : 'configparams force-mem-access 0' command is executed.
10:27:14 INFO  : ----------------XSDB Script----------------
connect -url tcp:127.0.0.1:3121
source F:/pspl/project_1/project_1.sdk/design_1_wrapper_hw_platform_0/ps7_init.tcl
targets -set -nocase -filter {name =~"APU*" && jtag_cable_name =~ "Digilent Zybo 210279778428A"} -index 0
loadhw -hw F:/pspl/project_1/project_1.sdk/design_1_wrapper_hw_platform_0/system.hdf -mem-ranges [list {0x40000000 0xbfffffff}]
configparams force-mem-access 1
targets -set -nocase -filter {name =~"APU*" && jtag_cable_name =~ "Digilent Zybo 210279778428A"} -index 0
stop
ps7_init
ps7_post_config
targets -set -nocase -filter {name =~ "ARM*#0" && jtag_cable_name =~ "Digilent Zybo 210279778428A"} -index 0
rst -processor
targets -set -nocase -filter {name =~ "ARM*#0" && jtag_cable_name =~ "Digilent Zybo 210279778428A"} -index 0
dow F:/pspl/project_1/project_1.sdk/pspl_test/Debug/pspl_test.elf
configparams force-mem-access 0
----------------End of Script----------------

10:27:14 INFO  : Memory regions updated for context APU
10:27:14 INFO  : Context for processor 'ps7_cortexa9_0' is selected.
10:27:14 INFO  : 'con' command is executed.
10:27:14 INFO  : ----------------XSDB Script (After Launch)----------------
targets -set -nocase -filter {name =~ "ARM*#0" && jtag_cable_name =~ "Digilent Zybo 210279778428A"} -index 0
con
----------------End of Script----------------

10:27:14 INFO  : Launch script is exported to file 'F:\pspl\project_1\project_1.sdk\.sdk\launch_scripts\xilinx_c-c++_application_(system_debugger)\system_debugger_using_debug_pspl_test.elf_on_local.tcl'
10:28:23 INFO  : Disconnected from the channel tcfchan#2.
10:28:24 INFO  : 'targets -set -filter {jtag_cable_name =~ "Digilent Zybo 210279778428A" && level==0} -index 1' command is executed.
10:28:24 INFO  : 'fpga -state' command is executed.
10:28:24 INFO  : Connected to target on host '127.0.0.1' and port '3121'.
10:28:25 INFO  : Jtag cable 'Digilent Zybo 210279778428A' is selected.
10:28:25 INFO  : 'jtag frequency' command is executed.
10:28:25 INFO  : Sourcing of 'F:/pspl/project_1/project_1.sdk/design_1_wrapper_hw_platform_0/ps7_init.tcl' is done.
10:28:25 INFO  : Context for 'APU' is selected.
10:28:27 INFO  : Hardware design information is loaded from 'F:/pspl/project_1/project_1.sdk/design_1_wrapper_hw_platform_0/system.hdf'.
10:28:27 INFO  : 'configparams force-mem-access 1' command is executed.
10:28:27 INFO  : Context for 'APU' is selected.
10:28:27 INFO  : 'stop' command is executed.
10:28:29 INFO  : 'ps7_init' command is executed.
10:28:29 INFO  : 'ps7_post_config' command is executed.
10:28:29 INFO  : Context for processor 'ps7_cortexa9_0' is selected.
10:28:29 INFO  : Processor reset is completed for 'ps7_cortexa9_0'.
10:28:29 INFO  : Context for processor 'ps7_cortexa9_0' is selected.
10:28:29 INFO  : The application 'F:/pspl/project_1/project_1.sdk/pspl_test/Debug/pspl_test.elf' is downloaded to processor 'ps7_cortexa9_0'.
10:28:29 INFO  : 'configparams force-mem-access 0' command is executed.
10:28:29 INFO  : ----------------XSDB Script----------------
connect -url tcp:127.0.0.1:3121
source F:/pspl/project_1/project_1.sdk/design_1_wrapper_hw_platform_0/ps7_init.tcl
targets -set -nocase -filter {name =~"APU*" && jtag_cable_name =~ "Digilent Zybo 210279778428A"} -index 0
loadhw -hw F:/pspl/project_1/project_1.sdk/design_1_wrapper_hw_platform_0/system.hdf -mem-ranges [list {0x40000000 0xbfffffff}]
configparams force-mem-access 1
targets -set -nocase -filter {name =~"APU*" && jtag_cable_name =~ "Digilent Zybo 210279778428A"} -index 0
stop
ps7_init
ps7_post_config
targets -set -nocase -filter {name =~ "ARM*#0" && jtag_cable_name =~ "Digilent Zybo 210279778428A"} -index 0
rst -processor
targets -set -nocase -filter {name =~ "ARM*#0" && jtag_cable_name =~ "Digilent Zybo 210279778428A"} -index 0
dow F:/pspl/project_1/project_1.sdk/pspl_test/Debug/pspl_test.elf
configparams force-mem-access 0
----------------End of Script----------------

10:28:29 INFO  : Memory regions updated for context APU
10:28:29 INFO  : Context for processor 'ps7_cortexa9_0' is selected.
10:28:29 INFO  : 'con' command is executed.
10:28:29 INFO  : ----------------XSDB Script (After Launch)----------------
targets -set -nocase -filter {name =~ "ARM*#0" && jtag_cable_name =~ "Digilent Zybo 210279778428A"} -index 0
con
----------------End of Script----------------

10:28:29 INFO  : Launch script is exported to file 'F:\pspl\project_1\project_1.sdk\.sdk\launch_scripts\xilinx_c-c++_application_(system_debugger)\system_debugger_using_debug_pspl_test.elf_on_local.tcl'
10:30:58 INFO  : Disconnected from the channel tcfchan#3.
10:31:01 INFO  : 'targets -set -filter {jtag_cable_name =~ "Digilent Zybo 210279778428A" && level==0} -index 1' command is executed.
10:31:01 INFO  : 'fpga -state' command is executed.
10:31:01 INFO  : Connected to target on host '127.0.0.1' and port '3121'.
10:31:02 INFO  : Jtag cable 'Digilent Zybo 210279778428A' is selected.
10:31:02 INFO  : 'jtag frequency' command is executed.
10:31:02 INFO  : Sourcing of 'F:/pspl/project_1/project_1.sdk/design_1_wrapper_hw_platform_0/ps7_init.tcl' is done.
10:31:02 INFO  : Context for 'APU' is selected.
10:31:05 INFO  : Hardware design information is loaded from 'F:/pspl/project_1/project_1.sdk/design_1_wrapper_hw_platform_0/system.hdf'.
10:31:05 INFO  : 'configparams force-mem-access 1' command is executed.
10:31:05 INFO  : Context for 'APU' is selected.
10:31:05 INFO  : 'stop' command is executed.
10:31:06 INFO  : 'ps7_init' command is executed.
10:31:06 INFO  : 'ps7_post_config' command is executed.
10:31:06 INFO  : Context for processor 'ps7_cortexa9_0' is selected.
10:31:06 INFO  : Processor reset is completed for 'ps7_cortexa9_0'.
10:31:06 INFO  : Context for processor 'ps7_cortexa9_0' is selected.
10:31:06 INFO  : The application 'F:/pspl/project_1/project_1.sdk/pspl_test/Debug/pspl_test.elf' is downloaded to processor 'ps7_cortexa9_0'.
10:31:06 INFO  : 'configparams force-mem-access 0' command is executed.
10:31:06 INFO  : ----------------XSDB Script----------------
connect -url tcp:127.0.0.1:3121
source F:/pspl/project_1/project_1.sdk/design_1_wrapper_hw_platform_0/ps7_init.tcl
targets -set -nocase -filter {name =~"APU*" && jtag_cable_name =~ "Digilent Zybo 210279778428A"} -index 0
loadhw -hw F:/pspl/project_1/project_1.sdk/design_1_wrapper_hw_platform_0/system.hdf -mem-ranges [list {0x40000000 0xbfffffff}]
configparams force-mem-access 1
targets -set -nocase -filter {name =~"APU*" && jtag_cable_name =~ "Digilent Zybo 210279778428A"} -index 0
stop
ps7_init
ps7_post_config
targets -set -nocase -filter {name =~ "ARM*#0" && jtag_cable_name =~ "Digilent Zybo 210279778428A"} -index 0
rst -processor
targets -set -nocase -filter {name =~ "ARM*#0" && jtag_cable_name =~ "Digilent Zybo 210279778428A"} -index 0
dow F:/pspl/project_1/project_1.sdk/pspl_test/Debug/pspl_test.elf
configparams force-mem-access 0
----------------End of Script----------------

10:31:06 INFO  : Memory regions updated for context APU
10:31:07 INFO  : Context for processor 'ps7_cortexa9_0' is selected.
10:31:07 INFO  : 'con' command is executed.
10:31:07 INFO  : ----------------XSDB Script (After Launch)----------------
targets -set -nocase -filter {name =~ "ARM*#0" && jtag_cable_name =~ "Digilent Zybo 210279778428A"} -index 0
con
----------------End of Script----------------

10:31:07 INFO  : Launch script is exported to file 'F:\pspl\project_1\project_1.sdk\.sdk\launch_scripts\xilinx_c-c++_application_(system_debugger)\system_debugger_using_debug_pspl_test.elf_on_local.tcl'
10:31:46 INFO  : Connected to target on host '127.0.0.1' and port '3121'.
10:31:46 INFO  : 'targets -set -filter {jtag_cable_name =~ "Digilent Zybo 210279778428A" && level==0} -index 1' command is executed.
10:31:48 INFO  : FPGA configured successfully with bitstream "F:/pspl/project_1/project_1.sdk/design_1_wrapper_hw_platform_0/design_1_wrapper.bit"
10:31:56 INFO  : Disconnected from the channel tcfchan#4.
10:31:58 INFO  : 'targets -set -filter {jtag_cable_name =~ "Digilent Zybo 210279778428A" && level==0} -index 1' command is executed.
10:31:58 INFO  : 'fpga -state' command is executed.
10:31:58 INFO  : Connected to target on host '127.0.0.1' and port '3121'.
10:31:58 INFO  : Jtag cable 'Digilent Zybo 210279778428A' is selected.
10:31:58 INFO  : 'jtag frequency' command is executed.
10:31:58 INFO  : Sourcing of 'F:/pspl/project_1/project_1.sdk/design_1_wrapper_hw_platform_0/ps7_init.tcl' is done.
10:31:58 INFO  : Context for 'APU' is selected.
10:32:01 INFO  : Hardware design information is loaded from 'F:/pspl/project_1/project_1.sdk/design_1_wrapper_hw_platform_0/system.hdf'.
10:32:01 INFO  : 'configparams force-mem-access 1' command is executed.
10:32:01 INFO  : Context for 'APU' is selected.
10:32:01 INFO  : 'stop' command is executed.
10:32:02 INFO  : 'ps7_init' command is executed.
10:32:02 INFO  : 'ps7_post_config' command is executed.
10:32:02 INFO  : Context for processor 'ps7_cortexa9_0' is selected.
10:32:03 INFO  : Processor reset is completed for 'ps7_cortexa9_0'.
10:32:03 INFO  : Context for processor 'ps7_cortexa9_0' is selected.
10:32:03 INFO  : The application 'F:/pspl/project_1/project_1.sdk/pspl_test/Debug/pspl_test.elf' is downloaded to processor 'ps7_cortexa9_0'.
10:32:03 INFO  : 'configparams force-mem-access 0' command is executed.
10:32:03 INFO  : ----------------XSDB Script----------------
connect -url tcp:127.0.0.1:3121
source F:/pspl/project_1/project_1.sdk/design_1_wrapper_hw_platform_0/ps7_init.tcl
targets -set -nocase -filter {name =~"APU*" && jtag_cable_name =~ "Digilent Zybo 210279778428A"} -index 0
loadhw -hw F:/pspl/project_1/project_1.sdk/design_1_wrapper_hw_platform_0/system.hdf -mem-ranges [list {0x40000000 0xbfffffff}]
configparams force-mem-access 1
targets -set -nocase -filter {name =~"APU*" && jtag_cable_name =~ "Digilent Zybo 210279778428A"} -index 0
stop
ps7_init
ps7_post_config
targets -set -nocase -filter {name =~ "ARM*#0" && jtag_cable_name =~ "Digilent Zybo 210279778428A"} -index 0
rst -processor
targets -set -nocase -filter {name =~ "ARM*#0" && jtag_cable_name =~ "Digilent Zybo 210279778428A"} -index 0
dow F:/pspl/project_1/project_1.sdk/pspl_test/Debug/pspl_test.elf
configparams force-mem-access 0
----------------End of Script----------------

10:32:03 INFO  : Memory regions updated for context APU
10:32:03 INFO  : Context for processor 'ps7_cortexa9_0' is selected.
10:32:03 INFO  : 'con' command is executed.
10:32:03 INFO  : ----------------XSDB Script (After Launch)----------------
targets -set -nocase -filter {name =~ "ARM*#0" && jtag_cable_name =~ "Digilent Zybo 210279778428A"} -index 0
con
----------------End of Script----------------

10:32:03 INFO  : Launch script is exported to file 'F:\pspl\project_1\project_1.sdk\.sdk\launch_scripts\xilinx_c-c++_application_(system_debugger)\system_debugger_using_debug_pspl_test.elf_on_local.tcl'
10:32:24 INFO  : Disconnected from the channel tcfchan#5.
10:32:26 INFO  : 'targets -set -filter {jtag_cable_name =~ "Digilent Zybo 210279778428A" && level==0} -index 1' command is executed.
10:32:26 INFO  : 'fpga -state' command is executed.
10:32:26 INFO  : Connected to target on host '127.0.0.1' and port '3121'.
10:32:26 INFO  : Jtag cable 'Digilent Zybo 210279778428A' is selected.
10:32:26 INFO  : 'jtag frequency' command is executed.
10:32:26 INFO  : Sourcing of 'F:/pspl/project_1/project_1.sdk/design_1_wrapper_hw_platform_0/ps7_init.tcl' is done.
10:32:26 INFO  : Context for 'APU' is selected.
10:32:29 INFO  : Hardware design information is loaded from 'F:/pspl/project_1/project_1.sdk/design_1_wrapper_hw_platform_0/system.hdf'.
10:32:29 INFO  : 'configparams force-mem-access 1' command is executed.
10:32:29 INFO  : Context for 'APU' is selected.
10:32:29 INFO  : 'stop' command is executed.
10:32:30 INFO  : 'ps7_init' command is executed.
10:32:30 INFO  : 'ps7_post_config' command is executed.
10:32:30 INFO  : Context for processor 'ps7_cortexa9_0' is selected.
10:32:30 INFO  : Processor reset is completed for 'ps7_cortexa9_0'.
10:32:30 INFO  : Context for processor 'ps7_cortexa9_0' is selected.
10:32:30 INFO  : The application 'F:/pspl/project_1/project_1.sdk/pspl_test/Debug/pspl_test.elf' is downloaded to processor 'ps7_cortexa9_0'.
10:32:30 INFO  : 'configparams force-mem-access 0' command is executed.
10:32:30 INFO  : ----------------XSDB Script----------------
connect -url tcp:127.0.0.1:3121
source F:/pspl/project_1/project_1.sdk/design_1_wrapper_hw_platform_0/ps7_init.tcl
targets -set -nocase -filter {name =~"APU*" && jtag_cable_name =~ "Digilent Zybo 210279778428A"} -index 0
loadhw -hw F:/pspl/project_1/project_1.sdk/design_1_wrapper_hw_platform_0/system.hdf -mem-ranges [list {0x40000000 0xbfffffff}]
configparams force-mem-access 1
targets -set -nocase -filter {name =~"APU*" && jtag_cable_name =~ "Digilent Zybo 210279778428A"} -index 0
stop
ps7_init
ps7_post_config
targets -set -nocase -filter {name =~ "ARM*#0" && jtag_cable_name =~ "Digilent Zybo 210279778428A"} -index 0
rst -processor
targets -set -nocase -filter {name =~ "ARM*#0" && jtag_cable_name =~ "Digilent Zybo 210279778428A"} -index 0
dow F:/pspl/project_1/project_1.sdk/pspl_test/Debug/pspl_test.elf
configparams force-mem-access 0
----------------End of Script----------------

10:32:30 INFO  : Memory regions updated for context APU
10:32:30 INFO  : Context for processor 'ps7_cortexa9_0' is selected.
10:32:31 INFO  : 'con' command is executed.
10:32:31 INFO  : ----------------XSDB Script (After Launch)----------------
targets -set -nocase -filter {name =~ "ARM*#0" && jtag_cable_name =~ "Digilent Zybo 210279778428A"} -index 0
con
----------------End of Script----------------

10:32:31 INFO  : Launch script is exported to file 'F:\pspl\project_1\project_1.sdk\.sdk\launch_scripts\xilinx_c-c++_application_(system_debugger)\system_debugger_using_debug_pspl_test.elf_on_local.tcl'
10:37:49 INFO  : Disconnected from the channel tcfchan#6.
10:37:50 INFO  : 'targets -set -filter {jtag_cable_name =~ "Digilent Zybo 210279778428A" && level==0} -index 1' command is executed.
10:37:50 INFO  : 'fpga -state' command is executed.
10:37:50 INFO  : Connected to target on host '127.0.0.1' and port '3121'.
10:37:50 INFO  : Jtag cable 'Digilent Zybo 210279778428A' is selected.
10:37:50 INFO  : 'jtag frequency' command is executed.
10:37:50 INFO  : Sourcing of 'F:/pspl/project_1/project_1.sdk/design_1_wrapper_hw_platform_0/ps7_init.tcl' is done.
10:37:50 INFO  : Context for 'APU' is selected.
10:37:53 INFO  : Hardware design information is loaded from 'F:/pspl/project_1/project_1.sdk/design_1_wrapper_hw_platform_0/system.hdf'.
10:37:53 INFO  : 'configparams force-mem-access 1' command is executed.
10:37:53 INFO  : Context for 'APU' is selected.
10:37:53 INFO  : 'stop' command is executed.
10:37:54 INFO  : 'ps7_init' command is executed.
10:37:54 INFO  : 'ps7_post_config' command is executed.
10:37:54 INFO  : Context for processor 'ps7_cortexa9_0' is selected.
10:37:54 INFO  : Processor reset is completed for 'ps7_cortexa9_0'.
10:37:54 INFO  : Context for processor 'ps7_cortexa9_0' is selected.
10:37:54 INFO  : The application 'F:/pspl/project_1/project_1.sdk/pspl_test/Debug/pspl_test.elf' is downloaded to processor 'ps7_cortexa9_0'.
10:37:55 INFO  : 'configparams force-mem-access 0' command is executed.
10:37:55 INFO  : ----------------XSDB Script----------------
connect -url tcp:127.0.0.1:3121
source F:/pspl/project_1/project_1.sdk/design_1_wrapper_hw_platform_0/ps7_init.tcl
targets -set -nocase -filter {name =~"APU*" && jtag_cable_name =~ "Digilent Zybo 210279778428A"} -index 0
loadhw -hw F:/pspl/project_1/project_1.sdk/design_1_wrapper_hw_platform_0/system.hdf -mem-ranges [list {0x40000000 0xbfffffff}]
configparams force-mem-access 1
targets -set -nocase -filter {name =~"APU*" && jtag_cable_name =~ "Digilent Zybo 210279778428A"} -index 0
stop
ps7_init
ps7_post_config
targets -set -nocase -filter {name =~ "ARM*#0" && jtag_cable_name =~ "Digilent Zybo 210279778428A"} -index 0
rst -processor
targets -set -nocase -filter {name =~ "ARM*#0" && jtag_cable_name =~ "Digilent Zybo 210279778428A"} -index 0
dow F:/pspl/project_1/project_1.sdk/pspl_test/Debug/pspl_test.elf
configparams force-mem-access 0
----------------End of Script----------------

10:37:55 INFO  : Memory regions updated for context APU
10:37:55 INFO  : Context for processor 'ps7_cortexa9_0' is selected.
10:37:55 INFO  : 'con' command is executed.
10:37:55 INFO  : ----------------XSDB Script (After Launch)----------------
targets -set -nocase -filter {name =~ "ARM*#0" && jtag_cable_name =~ "Digilent Zybo 210279778428A"} -index 0
con
----------------End of Script----------------

10:37:55 INFO  : Launch script is exported to file 'F:\pspl\project_1\project_1.sdk\.sdk\launch_scripts\xilinx_c-c++_application_(system_debugger)\system_debugger_using_debug_pspl_test.elf_on_local.tcl'
10:38:29 INFO  : Disconnected from the channel tcfchan#7.
10:38:31 INFO  : 'targets -set -filter {jtag_cable_name =~ "Digilent Zybo 210279778428A" && level==0} -index 1' command is executed.
10:38:31 INFO  : 'fpga -state' command is executed.
10:38:31 INFO  : Connected to target on host '127.0.0.1' and port '3121'.
10:38:31 INFO  : Jtag cable 'Digilent Zybo 210279778428A' is selected.
10:38:31 INFO  : 'jtag frequency' command is executed.
10:38:31 INFO  : Sourcing of 'F:/pspl/project_1/project_1.sdk/design_1_wrapper_hw_platform_0/ps7_init.tcl' is done.
10:38:31 INFO  : Context for 'APU' is selected.
10:38:33 INFO  : Hardware design information is loaded from 'F:/pspl/project_1/project_1.sdk/design_1_wrapper_hw_platform_0/system.hdf'.
10:38:33 INFO  : 'configparams force-mem-access 1' command is executed.
10:38:34 INFO  : Context for 'APU' is selected.
10:38:34 INFO  : 'stop' command is executed.
10:38:35 INFO  : 'ps7_init' command is executed.
10:38:35 INFO  : 'ps7_post_config' command is executed.
10:38:35 INFO  : Context for processor 'ps7_cortexa9_0' is selected.
10:38:35 INFO  : Processor reset is completed for 'ps7_cortexa9_0'.
10:38:35 INFO  : Context for processor 'ps7_cortexa9_0' is selected.
10:38:35 INFO  : The application 'F:/pspl/project_1/project_1.sdk/pspl_test/Debug/pspl_test.elf' is downloaded to processor 'ps7_cortexa9_0'.
10:38:35 INFO  : 'configparams force-mem-access 0' command is executed.
10:38:35 INFO  : ----------------XSDB Script----------------
connect -url tcp:127.0.0.1:3121
source F:/pspl/project_1/project_1.sdk/design_1_wrapper_hw_platform_0/ps7_init.tcl
targets -set -nocase -filter {name =~"APU*" && jtag_cable_name =~ "Digilent Zybo 210279778428A"} -index 0
loadhw -hw F:/pspl/project_1/project_1.sdk/design_1_wrapper_hw_platform_0/system.hdf -mem-ranges [list {0x40000000 0xbfffffff}]
configparams force-mem-access 1
targets -set -nocase -filter {name =~"APU*" && jtag_cable_name =~ "Digilent Zybo 210279778428A"} -index 0
stop
ps7_init
ps7_post_config
targets -set -nocase -filter {name =~ "ARM*#0" && jtag_cable_name =~ "Digilent Zybo 210279778428A"} -index 0
rst -processor
targets -set -nocase -filter {name =~ "ARM*#0" && jtag_cable_name =~ "Digilent Zybo 210279778428A"} -index 0
dow F:/pspl/project_1/project_1.sdk/pspl_test/Debug/pspl_test.elf
configparams force-mem-access 0
----------------End of Script----------------

10:38:35 INFO  : Memory regions updated for context APU
10:38:35 INFO  : Context for processor 'ps7_cortexa9_0' is selected.
10:38:35 INFO  : 'con' command is executed.
10:38:35 INFO  : ----------------XSDB Script (After Launch)----------------
targets -set -nocase -filter {name =~ "ARM*#0" && jtag_cable_name =~ "Digilent Zybo 210279778428A"} -index 0
con
----------------End of Script----------------

10:38:35 INFO  : Launch script is exported to file 'F:\pspl\project_1\project_1.sdk\.sdk\launch_scripts\xilinx_c-c++_application_(system_debugger)\system_debugger_using_debug_pspl_test.elf_on_local.tcl'
10:39:02 INFO  : Disconnected from the channel tcfchan#8.
10:39:03 INFO  : 'targets -set -filter {jtag_cable_name =~ "Digilent Zybo 210279778428A" && level==0} -index 1' command is executed.
10:39:03 INFO  : 'fpga -state' command is executed.
10:39:03 INFO  : Connected to target on host '127.0.0.1' and port '3121'.
10:39:03 INFO  : Jtag cable 'Digilent Zybo 210279778428A' is selected.
10:39:03 INFO  : 'jtag frequency' command is executed.
10:39:03 INFO  : Sourcing of 'F:/pspl/project_1/project_1.sdk/design_1_wrapper_hw_platform_0/ps7_init.tcl' is done.
10:39:03 INFO  : Context for 'APU' is selected.
10:39:06 INFO  : Hardware design information is loaded from 'F:/pspl/project_1/project_1.sdk/design_1_wrapper_hw_platform_0/system.hdf'.
10:39:06 INFO  : 'configparams force-mem-access 1' command is executed.
10:39:06 INFO  : Context for 'APU' is selected.
10:39:06 INFO  : 'stop' command is executed.
10:39:07 INFO  : 'ps7_init' command is executed.
10:39:07 INFO  : 'ps7_post_config' command is executed.
10:39:07 INFO  : Context for processor 'ps7_cortexa9_0' is selected.
10:39:07 INFO  : Processor reset is completed for 'ps7_cortexa9_0'.
10:39:07 INFO  : Context for processor 'ps7_cortexa9_0' is selected.
10:39:08 INFO  : The application 'F:/pspl/project_1/project_1.sdk/pspl_test/Debug/pspl_test.elf' is downloaded to processor 'ps7_cortexa9_0'.
10:39:08 INFO  : 'configparams force-mem-access 0' command is executed.
10:39:08 INFO  : ----------------XSDB Script----------------
connect -url tcp:127.0.0.1:3121
source F:/pspl/project_1/project_1.sdk/design_1_wrapper_hw_platform_0/ps7_init.tcl
targets -set -nocase -filter {name =~"APU*" && jtag_cable_name =~ "Digilent Zybo 210279778428A"} -index 0
loadhw -hw F:/pspl/project_1/project_1.sdk/design_1_wrapper_hw_platform_0/system.hdf -mem-ranges [list {0x40000000 0xbfffffff}]
configparams force-mem-access 1
targets -set -nocase -filter {name =~"APU*" && jtag_cable_name =~ "Digilent Zybo 210279778428A"} -index 0
stop
ps7_init
ps7_post_config
targets -set -nocase -filter {name =~ "ARM*#0" && jtag_cable_name =~ "Digilent Zybo 210279778428A"} -index 0
rst -processor
targets -set -nocase -filter {name =~ "ARM*#0" && jtag_cable_name =~ "Digilent Zybo 210279778428A"} -index 0
dow F:/pspl/project_1/project_1.sdk/pspl_test/Debug/pspl_test.elf
configparams force-mem-access 0
----------------End of Script----------------

10:39:08 INFO  : Memory regions updated for context APU
10:39:08 INFO  : Context for processor 'ps7_cortexa9_0' is selected.
10:39:08 INFO  : 'con' command is executed.
10:39:08 INFO  : ----------------XSDB Script (After Launch)----------------
targets -set -nocase -filter {name =~ "ARM*#0" && jtag_cable_name =~ "Digilent Zybo 210279778428A"} -index 0
con
----------------End of Script----------------

10:39:08 INFO  : Launch script is exported to file 'F:\pspl\project_1\project_1.sdk\.sdk\launch_scripts\xilinx_c-c++_application_(system_debugger)\system_debugger_using_debug_pspl_test.elf_on_local.tcl'
10:57:23 INFO  : Connected to target on host '127.0.0.1' and port '3121'.
10:57:23 INFO  : 'targets -set -filter {jtag_cable_name =~ "Digilent Zybo 210279778428A" && level==0} -index 1' command is executed.
10:57:24 INFO  : FPGA configured successfully with bitstream "F:/pspl/project_1/project_1.sdk/design_1_wrapper_hw_platform_0/design_1_wrapper.bit"
10:57:37 INFO  : Disconnected from the channel tcfchan#9.
10:57:38 INFO  : 'targets -set -filter {jtag_cable_name =~ "Digilent Zybo 210279778428A" && level==0} -index 1' command is executed.
10:57:38 INFO  : 'fpga -state' command is executed.
10:57:38 INFO  : Connected to target on host '127.0.0.1' and port '3121'.
10:57:38 INFO  : Jtag cable 'Digilent Zybo 210279778428A' is selected.
10:57:38 INFO  : 'jtag frequency' command is executed.
10:57:38 INFO  : Sourcing of 'F:/pspl/project_1/project_1.sdk/design_1_wrapper_hw_platform_0/ps7_init.tcl' is done.
10:57:38 INFO  : Context for 'APU' is selected.
10:57:40 INFO  : Hardware design information is loaded from 'F:/pspl/project_1/project_1.sdk/design_1_wrapper_hw_platform_0/system.hdf'.
10:57:40 INFO  : 'configparams force-mem-access 1' command is executed.
10:57:40 INFO  : Context for 'APU' is selected.
10:57:40 INFO  : 'stop' command is executed.
10:57:40 INFO  : 'ps7_init' command is executed.
10:57:40 INFO  : 'ps7_post_config' command is executed.
10:57:40 INFO  : Context for processor 'ps7_cortexa9_0' is selected.
10:57:40 INFO  : Processor reset is completed for 'ps7_cortexa9_0'.
10:57:40 INFO  : Context for processor 'ps7_cortexa9_0' is selected.
10:57:41 INFO  : The application 'F:/pspl/project_1/project_1.sdk/pspl_test/Debug/pspl_test.elf' is downloaded to processor 'ps7_cortexa9_0'.
10:57:41 INFO  : 'configparams force-mem-access 0' command is executed.
10:57:41 INFO  : ----------------XSDB Script----------------
connect -url tcp:127.0.0.1:3121
source F:/pspl/project_1/project_1.sdk/design_1_wrapper_hw_platform_0/ps7_init.tcl
targets -set -nocase -filter {name =~"APU*" && jtag_cable_name =~ "Digilent Zybo 210279778428A"} -index 0
loadhw -hw F:/pspl/project_1/project_1.sdk/design_1_wrapper_hw_platform_0/system.hdf -mem-ranges [list {0x40000000 0xbfffffff}]
configparams force-mem-access 1
targets -set -nocase -filter {name =~"APU*" && jtag_cable_name =~ "Digilent Zybo 210279778428A"} -index 0
stop
ps7_init
ps7_post_config
targets -set -nocase -filter {name =~ "ARM*#0" && jtag_cable_name =~ "Digilent Zybo 210279778428A"} -index 0
rst -processor
targets -set -nocase -filter {name =~ "ARM*#0" && jtag_cable_name =~ "Digilent Zybo 210279778428A"} -index 0
dow F:/pspl/project_1/project_1.sdk/pspl_test/Debug/pspl_test.elf
configparams force-mem-access 0
----------------End of Script----------------

10:57:41 INFO  : Memory regions updated for context APU
10:57:41 INFO  : Context for processor 'ps7_cortexa9_0' is selected.
10:57:41 INFO  : 'con' command is executed.
10:57:41 INFO  : ----------------XSDB Script (After Launch)----------------
targets -set -nocase -filter {name =~ "ARM*#0" && jtag_cable_name =~ "Digilent Zybo 210279778428A"} -index 0
con
----------------End of Script----------------

10:57:41 INFO  : Launch script is exported to file 'F:\pspl\project_1\project_1.sdk\.sdk\launch_scripts\xilinx_c-c++_application_(system_debugger)\system_debugger_using_debug_pspl_test.elf_on_local.tcl'
11:00:28 INFO  : Disconnected from the channel tcfchan#10.
11:00:29 INFO  : 'targets -set -filter {jtag_cable_name =~ "Digilent Zybo 210279778428A" && level==0} -index 1' command is executed.
11:00:29 INFO  : 'fpga -state' command is executed.
11:00:29 INFO  : Connected to target on host '127.0.0.1' and port '3121'.
11:00:29 INFO  : Jtag cable 'Digilent Zybo 210279778428A' is selected.
11:00:29 INFO  : 'jtag frequency' command is executed.
11:00:29 INFO  : Sourcing of 'F:/pspl/project_1/project_1.sdk/design_1_wrapper_hw_platform_0/ps7_init.tcl' is done.
11:00:29 INFO  : Context for 'APU' is selected.
11:00:31 INFO  : Hardware design information is loaded from 'F:/pspl/project_1/project_1.sdk/design_1_wrapper_hw_platform_0/system.hdf'.
11:00:31 INFO  : 'configparams force-mem-access 1' command is executed.
11:00:31 INFO  : Context for 'APU' is selected.
11:00:31 INFO  : 'stop' command is executed.
11:00:31 INFO  : 'ps7_init' command is executed.
11:00:31 INFO  : 'ps7_post_config' command is executed.
11:00:31 INFO  : Context for processor 'ps7_cortexa9_0' is selected.
11:00:31 INFO  : Processor reset is completed for 'ps7_cortexa9_0'.
11:00:31 INFO  : Context for processor 'ps7_cortexa9_0' is selected.
11:00:32 INFO  : The application 'F:/pspl/project_1/project_1.sdk/pspl_test/Debug/pspl_test.elf' is downloaded to processor 'ps7_cortexa9_0'.
11:00:32 INFO  : 'configparams force-mem-access 0' command is executed.
11:00:32 INFO  : ----------------XSDB Script----------------
connect -url tcp:127.0.0.1:3121
source F:/pspl/project_1/project_1.sdk/design_1_wrapper_hw_platform_0/ps7_init.tcl
targets -set -nocase -filter {name =~"APU*" && jtag_cable_name =~ "Digilent Zybo 210279778428A"} -index 0
loadhw -hw F:/pspl/project_1/project_1.sdk/design_1_wrapper_hw_platform_0/system.hdf -mem-ranges [list {0x40000000 0xbfffffff}]
configparams force-mem-access 1
targets -set -nocase -filter {name =~"APU*" && jtag_cable_name =~ "Digilent Zybo 210279778428A"} -index 0
stop
ps7_init
ps7_post_config
targets -set -nocase -filter {name =~ "ARM*#0" && jtag_cable_name =~ "Digilent Zybo 210279778428A"} -index 0
rst -processor
targets -set -nocase -filter {name =~ "ARM*#0" && jtag_cable_name =~ "Digilent Zybo 210279778428A"} -index 0
dow F:/pspl/project_1/project_1.sdk/pspl_test/Debug/pspl_test.elf
configparams force-mem-access 0
----------------End of Script----------------

11:00:32 INFO  : Memory regions updated for context APU
11:00:32 INFO  : Context for processor 'ps7_cortexa9_0' is selected.
11:00:32 INFO  : 'con' command is executed.
11:00:32 INFO  : ----------------XSDB Script (After Launch)----------------
targets -set -nocase -filter {name =~ "ARM*#0" && jtag_cable_name =~ "Digilent Zybo 210279778428A"} -index 0
con
----------------End of Script----------------

11:00:32 INFO  : Launch script is exported to file 'F:\pspl\project_1\project_1.sdk\.sdk\launch_scripts\xilinx_c-c++_application_(system_debugger)\system_debugger_using_debug_pspl_test.elf_on_local.tcl'
11:01:46 INFO  : Disconnected from the channel tcfchan#11.
11:01:47 INFO  : 'targets -set -filter {jtag_cable_name =~ "Digilent Zybo 210279778428A" && level==0} -index 1' command is executed.
11:01:47 INFO  : 'fpga -state' command is executed.
11:01:47 INFO  : Connected to target on host '127.0.0.1' and port '3121'.
11:01:48 INFO  : Jtag cable 'Digilent Zybo 210279778428A' is selected.
11:01:48 INFO  : 'jtag frequency' command is executed.
11:01:48 INFO  : Sourcing of 'F:/pspl/project_1/project_1.sdk/design_1_wrapper_hw_platform_0/ps7_init.tcl' is done.
11:01:48 INFO  : Context for 'APU' is selected.
11:01:50 INFO  : Hardware design information is loaded from 'F:/pspl/project_1/project_1.sdk/design_1_wrapper_hw_platform_0/system.hdf'.
11:01:50 INFO  : 'configparams force-mem-access 1' command is executed.
11:01:50 INFO  : Context for 'APU' is selected.
11:01:50 INFO  : 'stop' command is executed.
11:01:50 INFO  : 'ps7_init' command is executed.
11:01:50 INFO  : 'ps7_post_config' command is executed.
11:01:50 INFO  : Context for processor 'ps7_cortexa9_0' is selected.
11:01:50 INFO  : Processor reset is completed for 'ps7_cortexa9_0'.
11:01:50 INFO  : Context for processor 'ps7_cortexa9_0' is selected.
11:01:50 INFO  : The application 'F:/pspl/project_1/project_1.sdk/pspl_test/Debug/pspl_test.elf' is downloaded to processor 'ps7_cortexa9_0'.
11:01:50 INFO  : 'configparams force-mem-access 0' command is executed.
11:01:50 INFO  : ----------------XSDB Script----------------
connect -url tcp:127.0.0.1:3121
source F:/pspl/project_1/project_1.sdk/design_1_wrapper_hw_platform_0/ps7_init.tcl
targets -set -nocase -filter {name =~"APU*" && jtag_cable_name =~ "Digilent Zybo 210279778428A"} -index 0
loadhw -hw F:/pspl/project_1/project_1.sdk/design_1_wrapper_hw_platform_0/system.hdf -mem-ranges [list {0x40000000 0xbfffffff}]
configparams force-mem-access 1
targets -set -nocase -filter {name =~"APU*" && jtag_cable_name =~ "Digilent Zybo 210279778428A"} -index 0
stop
ps7_init
ps7_post_config
targets -set -nocase -filter {name =~ "ARM*#0" && jtag_cable_name =~ "Digilent Zybo 210279778428A"} -index 0
rst -processor
targets -set -nocase -filter {name =~ "ARM*#0" && jtag_cable_name =~ "Digilent Zybo 210279778428A"} -index 0
dow F:/pspl/project_1/project_1.sdk/pspl_test/Debug/pspl_test.elf
configparams force-mem-access 0
----------------End of Script----------------

11:01:51 INFO  : Memory regions updated for context APU
11:01:51 INFO  : Context for processor 'ps7_cortexa9_0' is selected.
11:01:51 INFO  : 'con' command is executed.
11:01:51 INFO  : ----------------XSDB Script (After Launch)----------------
targets -set -nocase -filter {name =~ "ARM*#0" && jtag_cable_name =~ "Digilent Zybo 210279778428A"} -index 0
con
----------------End of Script----------------

11:01:51 INFO  : Launch script is exported to file 'F:\pspl\project_1\project_1.sdk\.sdk\launch_scripts\xilinx_c-c++_application_(system_debugger)\system_debugger_using_debug_pspl_test.elf_on_local.tcl'
