
*** Running vivado
    with args -log design_1_pspl_1_0_0.vds -m64 -product Vivado -mode batch -messageDb vivado.pb -notrace -source design_1_pspl_1_0_0.tcl


****** Vivado v2018.2 (64-bit)
  **** SW Build 2258646 on Thu Jun 14 20:03:12 MDT 2018
  **** IP Build 2256618 on Thu Jun 14 22:10:49 MDT 2018
    ** Copyright 1986-2018 Xilinx, Inc. All Rights Reserved.

source design_1_pspl_1_0_0.tcl -notrace
Command: synth_design -top design_1_pspl_1_0_0 -part xc7z010clg400-1 -mode out_of_context
Starting synth_design
Attempting to get a license for feature 'Synthesis' and/or device 'xc7z010'
INFO: [Common 17-349] Got license for feature 'Synthesis' and/or device 'xc7z010'
INFO: Launching helper process for spawning children vivado processes
INFO: Helper process launched with PID 30512 
---------------------------------------------------------------------------------
Starting RTL Elaboration : Time (s): cpu = 00:00:02 ; elapsed = 00:00:02 . Memory (MB): peak = 403.344 ; gain = 101.688
---------------------------------------------------------------------------------
INFO: [Synth 8-6157] synthesizing module 'design_1_pspl_1_0_0' [f:/A_viraj_drive/AMtech/Sem 2/VLSI SYSTEM DESIGN/Project/useful/extra_projects/ps2pl/ps2pl.srcs/sources_1/bd/design_1/ip/design_1_pspl_1_0_0/synth/design_1_pspl_1_0_0.v:57]
INFO: [Synth 8-6157] synthesizing module 'pspl_1_v1_0' [f:/A_viraj_drive/AMtech/Sem 2/VLSI SYSTEM DESIGN/Project/useful/extra_projects/ps2pl/ps2pl.srcs/sources_1/bd/design_1/ipshared/529b/hdl/pspl_1_v1_0.v:4]
	Parameter C_S00_AXI_DATA_WIDTH bound to: 32 - type: integer 
	Parameter C_S00_AXI_ADDR_WIDTH bound to: 4 - type: integer 
INFO: [Synth 8-6157] synthesizing module 'pspl_1_v1_0_S00_AXI' [f:/A_viraj_drive/AMtech/Sem 2/VLSI SYSTEM DESIGN/Project/useful/extra_projects/ps2pl/ps2pl.srcs/sources_1/bd/design_1/ipshared/529b/hdl/pspl_1_v1_0_S00_AXI.v:4]
	Parameter C_S_AXI_DATA_WIDTH bound to: 32 - type: integer 
	Parameter C_S_AXI_ADDR_WIDTH bound to: 4 - type: integer 
	Parameter ADDR_LSB bound to: 2 - type: integer 
	Parameter OPT_MEM_ADDR_BITS bound to: 1 - type: integer 
INFO: [Synth 8-226] default block is never used [f:/A_viraj_drive/AMtech/Sem 2/VLSI SYSTEM DESIGN/Project/useful/extra_projects/ps2pl/ps2pl.srcs/sources_1/bd/design_1/ipshared/529b/hdl/pspl_1_v1_0_S00_AXI.v:238]
INFO: [Synth 8-226] default block is never used [f:/A_viraj_drive/AMtech/Sem 2/VLSI SYSTEM DESIGN/Project/useful/extra_projects/ps2pl/ps2pl.srcs/sources_1/bd/design_1/ipshared/529b/hdl/pspl_1_v1_0_S00_AXI.v:379]
INFO: [Synth 8-6155] done synthesizing module 'pspl_1_v1_0_S00_AXI' (1#1) [f:/A_viraj_drive/AMtech/Sem 2/VLSI SYSTEM DESIGN/Project/useful/extra_projects/ps2pl/ps2pl.srcs/sources_1/bd/design_1/ipshared/529b/hdl/pspl_1_v1_0_S00_AXI.v:4]
INFO: [Synth 8-6155] done synthesizing module 'pspl_1_v1_0' (2#1) [f:/A_viraj_drive/AMtech/Sem 2/VLSI SYSTEM DESIGN/Project/useful/extra_projects/ps2pl/ps2pl.srcs/sources_1/bd/design_1/ipshared/529b/hdl/pspl_1_v1_0.v:4]
INFO: [Synth 8-6155] done synthesizing module 'design_1_pspl_1_0_0' (3#1) [f:/A_viraj_drive/AMtech/Sem 2/VLSI SYSTEM DESIGN/Project/useful/extra_projects/ps2pl/ps2pl.srcs/sources_1/bd/design_1/ip/design_1_pspl_1_0_0/synth/design_1_pspl_1_0_0.v:57]
WARNING: [Synth 8-3331] design pspl_1_v1_0_S00_AXI has unconnected port S_AXI_AWPROT[2]
WARNING: [Synth 8-3331] design pspl_1_v1_0_S00_AXI has unconnected port S_AXI_AWPROT[1]
WARNING: [Synth 8-3331] design pspl_1_v1_0_S00_AXI has unconnected port S_AXI_AWPROT[0]
WARNING: [Synth 8-3331] design pspl_1_v1_0_S00_AXI has unconnected port S_AXI_ARPROT[2]
WARNING: [Synth 8-3331] design pspl_1_v1_0_S00_AXI has unconnected port S_AXI_ARPROT[1]
WARNING: [Synth 8-3331] design pspl_1_v1_0_S00_AXI has unconnected port S_AXI_ARPROT[0]
---------------------------------------------------------------------------------
Finished RTL Elaboration : Time (s): cpu = 00:00:03 ; elapsed = 00:00:03 . Memory (MB): peak = 458.336 ; gain = 156.680
---------------------------------------------------------------------------------

Report Check Netlist: 
+------+------------------+-------+---------+-------+------------------+
|      |Item              |Errors |Warnings |Status |Description       |
+------+------------------+-------+---------+-------+------------------+
|1     |multi_driven_nets |      0|        0|Passed |Multi driven nets |
+------+------------------+-------+---------+-------+------------------+
---------------------------------------------------------------------------------
Start Handling Custom Attributes
---------------------------------------------------------------------------------
---------------------------------------------------------------------------------
Finished Handling Custom Attributes : Time (s): cpu = 00:00:03 ; elapsed = 00:00:03 . Memory (MB): peak = 458.336 ; gain = 156.680
---------------------------------------------------------------------------------
---------------------------------------------------------------------------------
Finished RTL Optimization Phase 1 : Time (s): cpu = 00:00:03 ; elapsed = 00:00:03 . Memory (MB): peak = 458.336 ; gain = 156.680
---------------------------------------------------------------------------------
INFO: [Device 21-403] Loading part xc7z010clg400-1
INFO: [Project 1-570] Preparing netlist for logic optimization

Processing XDC Constraints
Initializing timing engine
Completed Processing XDC Constraints

INFO: [Project 1-111] Unisim Transformation Summary:
No Unisim elements were transformed.

WARNING: [Constraints 18-5210] No constraint will be written out.
Constraint Validation Runtime : Time (s): cpu = 00:00:00 ; elapsed = 00:00:00.114 . Memory (MB): peak = 780.719 ; gain = 2.711
---------------------------------------------------------------------------------
Finished Constraint Validation : Time (s): cpu = 00:00:11 ; elapsed = 00:00:13 . Memory (MB): peak = 780.719 ; gain = 479.063
---------------------------------------------------------------------------------
---------------------------------------------------------------------------------
Start Loading Part and Timing Information
---------------------------------------------------------------------------------
Loading part: xc7z010clg400-1
---------------------------------------------------------------------------------
Finished Loading Part and Timing Information : Time (s): cpu = 00:00:11 ; elapsed = 00:00:13 . Memory (MB): peak = 780.719 ; gain = 479.063
---------------------------------------------------------------------------------
---------------------------------------------------------------------------------
Start Applying 'set_property' XDC Constraints
---------------------------------------------------------------------------------
---------------------------------------------------------------------------------
Finished applying 'set_property' XDC Constraints : Time (s): cpu = 00:00:11 ; elapsed = 00:00:13 . Memory (MB): peak = 780.719 ; gain = 479.063
---------------------------------------------------------------------------------
---------------------------------------------------------------------------------
Finished RTL Optimization Phase 2 : Time (s): cpu = 00:00:11 ; elapsed = 00:00:14 . Memory (MB): peak = 780.719 ; gain = 479.063
---------------------------------------------------------------------------------

Report RTL Partitions: 
+-+--------------+------------+----------+
| |RTL Partition |Replication |Instances |
+-+--------------+------------+----------+
+-+--------------+------------+----------+
---------------------------------------------------------------------------------
Start RTL Component Statistics 
---------------------------------------------------------------------------------
Detailed RTL Component Info : 
+---Adders : 
	   2 Input     32 Bit       Adders := 1     
+---Registers : 
	               32 Bit    Registers := 5     
	                4 Bit    Registers := 2     
	                2 Bit    Registers := 2     
	                1 Bit    Registers := 7     
+---Muxes : 
	   2 Input     32 Bit        Muxes := 3     
	   4 Input     32 Bit        Muxes := 4     
	   2 Input      1 Bit        Muxes := 5     
---------------------------------------------------------------------------------
Finished RTL Component Statistics 
---------------------------------------------------------------------------------
---------------------------------------------------------------------------------
Start RTL Hierarchical Component Statistics 
---------------------------------------------------------------------------------
Hierarchical RTL Component report 
Module pspl_1_v1_0_S00_AXI 
Detailed RTL Component Info : 
+---Registers : 
	               32 Bit    Registers := 4     
	                4 Bit    Registers := 2     
	                2 Bit    Registers := 2     
	                1 Bit    Registers := 6     
+---Muxes : 
	   2 Input     32 Bit        Muxes := 3     
	   4 Input     32 Bit        Muxes := 4     
	   2 Input      1 Bit        Muxes := 5     
Module pspl_1_v1_0 
Detailed RTL Component Info : 
+---Adders : 
	   2 Input     32 Bit       Adders := 1     
+---Registers : 
	               32 Bit    Registers := 1     
	                1 Bit    Registers := 1     
---------------------------------------------------------------------------------
Finished RTL Hierarchical Component Statistics
---------------------------------------------------------------------------------
---------------------------------------------------------------------------------
Start Part Resource Summary
---------------------------------------------------------------------------------
Part Resources:
DSPs: 80 (col length:40)
BRAMs: 120 (col length: RAMB18 40 RAMB36 20)
---------------------------------------------------------------------------------
Finished Part Resource Summary
---------------------------------------------------------------------------------
---------------------------------------------------------------------------------
Start Cross Boundary and Area Optimization
---------------------------------------------------------------------------------
Warning: Parallel synthesis criteria is not met 
WARNING: [Synth 8-3331] design design_1_pspl_1_0_0 has unconnected port s00_axi_awprot[2]
WARNING: [Synth 8-3331] design design_1_pspl_1_0_0 has unconnected port s00_axi_awprot[1]
WARNING: [Synth 8-3331] design design_1_pspl_1_0_0 has unconnected port s00_axi_awprot[0]
WARNING: [Synth 8-3331] design design_1_pspl_1_0_0 has unconnected port s00_axi_arprot[2]
WARNING: [Synth 8-3331] design design_1_pspl_1_0_0 has unconnected port s00_axi_arprot[1]
WARNING: [Synth 8-3331] design design_1_pspl_1_0_0 has unconnected port s00_axi_arprot[0]
INFO: [Synth 8-3886] merging instance 'inst/pspl_1_v1_0_S00_AXI_inst/axi_rresp_reg[0]' (FDRE) to 'inst/pspl_1_v1_0_S00_AXI_inst/axi_rresp_reg[1]'
INFO: [Synth 8-3333] propagating constant 0 across sequential element (\inst/pspl_1_v1_0_S00_AXI_inst/axi_rresp_reg[1] )
INFO: [Synth 8-3886] merging instance 'inst/pspl_1_v1_0_S00_AXI_inst/axi_bresp_reg[0]' (FDRE) to 'inst/pspl_1_v1_0_S00_AXI_inst/axi_bresp_reg[1]'
INFO: [Synth 8-3333] propagating constant 0 across sequential element (\inst/pspl_1_v1_0_S00_AXI_inst/axi_bresp_reg[1] )
INFO: [Synth 8-3332] Sequential element (inst/pspl_1_v1_0_S00_AXI_inst/axi_bresp_reg[1]) is unused and will be removed from module design_1_pspl_1_0_0.
INFO: [Synth 8-3332] Sequential element (inst/pspl_1_v1_0_S00_AXI_inst/axi_araddr_reg[1]) is unused and will be removed from module design_1_pspl_1_0_0.
INFO: [Synth 8-3332] Sequential element (inst/pspl_1_v1_0_S00_AXI_inst/axi_araddr_reg[0]) is unused and will be removed from module design_1_pspl_1_0_0.
INFO: [Synth 8-3332] Sequential element (inst/pspl_1_v1_0_S00_AXI_inst/axi_awaddr_reg[1]) is unused and will be removed from module design_1_pspl_1_0_0.
INFO: [Synth 8-3332] Sequential element (inst/pspl_1_v1_0_S00_AXI_inst/axi_awaddr_reg[0]) is unused and will be removed from module design_1_pspl_1_0_0.
INFO: [Synth 8-3332] Sequential element (inst/pspl_1_v1_0_S00_AXI_inst/axi_rresp_reg[1]) is unused and will be removed from module design_1_pspl_1_0_0.
---------------------------------------------------------------------------------
Finished Cross Boundary and Area Optimization : Time (s): cpu = 00:00:12 ; elapsed = 00:00:15 . Memory (MB): peak = 780.719 ; gain = 479.063
---------------------------------------------------------------------------------

Report RTL Partitions: 
+-+--------------+------------+----------+
| |RTL Partition |Replication |Instances |
+-+--------------+------------+----------+
+-+--------------+------------+----------+
---------------------------------------------------------------------------------
Start Applying XDC Timing Constraints
---------------------------------------------------------------------------------
---------------------------------------------------------------------------------
Finished Applying XDC Timing Constraints : Time (s): cpu = 00:00:20 ; elapsed = 00:00:24 . Memory (MB): peak = 783.590 ; gain = 481.934
---------------------------------------------------------------------------------
---------------------------------------------------------------------------------
Start Timing Optimization
---------------------------------------------------------------------------------
---------------------------------------------------------------------------------
Finished Timing Optimization : Time (s): cpu = 00:00:20 ; elapsed = 00:00:24 . Memory (MB): peak = 783.813 ; gain = 482.156
---------------------------------------------------------------------------------

Report RTL Partitions: 
+-+--------------+------------+----------+
| |RTL Partition |Replication |Instances |
+-+--------------+------------+----------+
+-+--------------+------------+----------+
---------------------------------------------------------------------------------
Start Technology Mapping
---------------------------------------------------------------------------------
---------------------------------------------------------------------------------
Finished Technology Mapping : Time (s): cpu = 00:00:20 ; elapsed = 00:00:24 . Memory (MB): peak = 794.914 ; gain = 493.258
---------------------------------------------------------------------------------

Report RTL Partitions: 
+-+--------------+------------+----------+
| |RTL Partition |Replication |Instances |
+-+--------------+------------+----------+
+-+--------------+------------+----------+
---------------------------------------------------------------------------------
Start IO Insertion
---------------------------------------------------------------------------------
---------------------------------------------------------------------------------
Start Flattening Before IO Insertion
---------------------------------------------------------------------------------
---------------------------------------------------------------------------------
Finished Flattening Before IO Insertion
---------------------------------------------------------------------------------
---------------------------------------------------------------------------------
Start Final Netlist Cleanup
---------------------------------------------------------------------------------
---------------------------------------------------------------------------------
Finished Final Netlist Cleanup
---------------------------------------------------------------------------------
---------------------------------------------------------------------------------
Finished IO Insertion : Time (s): cpu = 00:00:21 ; elapsed = 00:00:25 . Memory (MB): peak = 794.914 ; gain = 493.258
---------------------------------------------------------------------------------

Report Check Netlist: 
+------+------------------+-------+---------+-------+------------------+
|      |Item              |Errors |Warnings |Status |Description       |
+------+------------------+-------+---------+-------+------------------+
|1     |multi_driven_nets |      0|        0|Passed |Multi driven nets |
+------+------------------+-------+---------+-------+------------------+
---------------------------------------------------------------------------------
Start Renaming Generated Instances
---------------------------------------------------------------------------------
---------------------------------------------------------------------------------
Finished Renaming Generated Instances : Time (s): cpu = 00:00:21 ; elapsed = 00:00:25 . Memory (MB): peak = 794.914 ; gain = 493.258
---------------------------------------------------------------------------------

Report RTL Partitions: 
+-+--------------+------------+----------+
| |RTL Partition |Replication |Instances |
+-+--------------+------------+----------+
+-+--------------+------------+----------+
---------------------------------------------------------------------------------
Start Rebuilding User Hierarchy
---------------------------------------------------------------------------------
---------------------------------------------------------------------------------
Finished Rebuilding User Hierarchy : Time (s): cpu = 00:00:21 ; elapsed = 00:00:25 . Memory (MB): peak = 794.914 ; gain = 493.258
---------------------------------------------------------------------------------
---------------------------------------------------------------------------------
Start Renaming Generated Ports
---------------------------------------------------------------------------------
---------------------------------------------------------------------------------
Finished Renaming Generated Ports : Time (s): cpu = 00:00:21 ; elapsed = 00:00:25 . Memory (MB): peak = 794.914 ; gain = 493.258
---------------------------------------------------------------------------------
---------------------------------------------------------------------------------
Start Handling Custom Attributes
---------------------------------------------------------------------------------
---------------------------------------------------------------------------------
Finished Handling Custom Attributes : Time (s): cpu = 00:00:21 ; elapsed = 00:00:25 . Memory (MB): peak = 794.914 ; gain = 493.258
---------------------------------------------------------------------------------
---------------------------------------------------------------------------------
Start Renaming Generated Nets
---------------------------------------------------------------------------------
---------------------------------------------------------------------------------
Finished Renaming Generated Nets : Time (s): cpu = 00:00:21 ; elapsed = 00:00:25 . Memory (MB): peak = 794.914 ; gain = 493.258
---------------------------------------------------------------------------------
---------------------------------------------------------------------------------
Start Writing Synthesis Report
---------------------------------------------------------------------------------

Report BlackBoxes: 
+-+--------------+----------+
| |BlackBox name |Instances |
+-+--------------+----------+
+-+--------------+----------+

Report Cell Usage: 
+------+-------+------+
|      |Cell   |Count |
+------+-------+------+
|1     |CARRY4 |     8|
|2     |LUT1   |     1|
|3     |LUT2   |    34|
|4     |LUT3   |     1|
|5     |LUT4   |    18|
|6     |LUT6   |    42|
|7     |FDRE   |   170|
|8     |FDSE   |     1|
+------+-------+------+

Report Instance Areas: 
+------+-----------------------------+--------------------+------+
|      |Instance                     |Module              |Cells |
+------+-----------------------------+--------------------+------+
|1     |top                          |                    |   275|
|2     |  inst                       |pspl_1_v1_0         |   275|
|3     |    pspl_1_v1_0_S00_AXI_inst |pspl_1_v1_0_S00_AXI |   234|
+------+-----------------------------+--------------------+------+
---------------------------------------------------------------------------------
Finished Writing Synthesis Report : Time (s): cpu = 00:00:21 ; elapsed = 00:00:25 . Memory (MB): peak = 794.914 ; gain = 493.258
---------------------------------------------------------------------------------
Synthesis finished with 0 errors, 0 critical warnings and 6 warnings.
Synthesis Optimization Runtime : Time (s): cpu = 00:00:12 ; elapsed = 00:00:17 . Memory (MB): peak = 794.914 ; gain = 170.875
Synthesis Optimization Complete : Time (s): cpu = 00:00:21 ; elapsed = 00:00:25 . Memory (MB): peak = 794.914 ; gain = 493.258
INFO: [Project 1-571] Translating synthesized netlist
INFO: [Netlist 29-17] Analyzing 8 Unisim elements for replacement
INFO: [Netlist 29-28] Unisim Transformation completed in 0 CPU seconds
INFO: [Project 1-570] Preparing netlist for logic optimization
INFO: [Opt 31-138] Pushed 0 inverter(s) to 0 load pin(s).
INFO: [Project 1-111] Unisim Transformation Summary:
No Unisim elements were transformed.

INFO: [Common 17-83] Releasing license: Synthesis
29 Infos, 13 Warnings, 0 Critical Warnings and 0 Errors encountered.
synth_design completed successfully
synth_design: Time (s): cpu = 00:00:23 ; elapsed = 00:00:29 . Memory (MB): peak = 807.453 ; gain = 510.520
WARNING: [Constraints 18-5210] No constraint will be written out.
INFO: [Common 17-1381] The checkpoint 'F:/A_viraj_drive/AMtech/Sem 2/VLSI SYSTEM DESIGN/Project/useful/extra_projects/ps2pl/ps2pl.runs/design_1_pspl_1_0_0_synth_1/design_1_pspl_1_0_0.dcp' has been generated.
INFO: [Coretcl 2-1482] Added synthesis output to IP cache for IP f:/A_viraj_drive/AMtech/Sem 2/VLSI SYSTEM DESIGN/Project/useful/extra_projects/ps2pl/ps2pl.srcs/sources_1/bd/design_1/ip/design_1_pspl_1_0_0/design_1_pspl_1_0_0.xci
INFO: [Coretcl 2-1174] Renamed 2 cell refs.
WARNING: [Constraints 18-5210] No constraint will be written out.
INFO: [Common 17-1381] The checkpoint 'F:/A_viraj_drive/AMtech/Sem 2/VLSI SYSTEM DESIGN/Project/useful/extra_projects/ps2pl/ps2pl.runs/design_1_pspl_1_0_0_synth_1/design_1_pspl_1_0_0.dcp' has been generated.
INFO: [runtcl-4] Executing : report_utilization -file design_1_pspl_1_0_0_utilization_synth.rpt -pb design_1_pspl_1_0_0_utilization_synth.pb
report_utilization: Time (s): cpu = 00:00:00 ; elapsed = 00:00:00.018 . Memory (MB): peak = 807.453 ; gain = 0.000
INFO: [Common 17-206] Exiting Vivado at Sun Apr  7 13:05:49 2019...
